<?xml version="1.0" encoding="UTF-8"?>
<testsuites name="TC2" time="38" tests="1" failures="0" errors="1">
   <testsuite name="TC2" tests="1" failures="0" errors="1" time="38" timestamp="2019-02-20 17:40:08" hostname="dell - computer" id="Test Suites/TC2">
      <properties>
         <property name="deviceName" value=""/>
         <property name="devicePlatform" value=""/>
         <property name="logFolder" value="C:\\Users\\dell\\Katalon Studio\\Automation\\Reports\\TC2\\20190220_174005"/>
         <property name="logFiles" value="C:\\Users\\dell\\Katalon Studio\\Automation\\Reports\\TC2\\20190220_174005\\execution0.log"/>
         <property name="attachments" value=""/>
         <property name="hostName" value="dell - computer"/>
         <property name="os" value="Windows 8.1 64bit"/>
         <property name="katalonVersion" value="5.9.1.2"/>
         <property name="browser" value="Firefox 65.0"/>
         <property name="hostAddress" value="192.168.1.146"/>
         <property name="sessionId" value="0dd68eb7-bfdc-474d-9f82-b84a2d39899c"/>
         <property name="seleniumVersion" value="3.7.1"/>
         <property name="proxyInformation" value="ProxyInformation{proxyOption=NO_PROXY, proxyServerType=HTTP, password=, proxyServerAddress=, proxyServerPort=0}"/>
         <property name="platform" value="Windows 8.1"/>
      </properties>
      <testcase name="Test Cases/TC4_FilterOption" classname="Test Cases/TC4_FilterOption" status="PASSED">
         <system-out><![CDATA[2019-02-20 17:40:09 - [TEST_CASE][PASSED] - Test Cases/TC4_FilterOption: Test Cases/TC4_FilterOption

2019-02-20 17:40:10 - [TEST_STEP][PASSED] - openBrowser(""): Browser is opened with url: ''

2019-02-20 17:40:11 - [MESSAGE][INFO] - Starting 'Firefox' driver

2019-02-20 17:40:11 - [MESSAGE][INFO] - Action delay is set to 0 seconds

2019-02-20 17:40:20 - [MESSAGE][PASSED] - Browser is opened with url: ''

2019-02-20 17:40:20 - [TEST_STEP][PASSED] - navigateToUrl("http://automationpractice.com/index.php?id_category=3&controller=category"): Navigate to 'http://automationpractice.com/index.php?id_category=3&controller=category' successfully

2019-02-20 17:40:31 - [MESSAGE][PASSED] - Navigate to 'http://automationpractice.com/index.php?id_category=3&controller=category' successfully

2019-02-20 17:40:31 - [TEST_STEP][PASSED] - delay(3): Delayed 3 second(s)

2019-02-20 17:40:34 - [MESSAGE][PASSED] - Delayed 3 second(s)

2019-02-20 17:40:34 - [TEST_STEP][PASSED] - click(findTestObject("Object Repository/FilterObjects/Page_Women - My Store/input_Categories_layered_categ (1)")): Object: 'Object Repository/FilterObjects/Page_Women - My Store/input_Categories_layered_categ (1)' is clicked on

2019-02-20 17:40:34 - [MESSAGE][PASSED] - Object: 'Object Repository/FilterObjects/Page_Women - My Store/input_Categories_layered_categ (1)' is clicked on

2019-02-20 17:40:34 - [TEST_STEP][PASSED] - click(findTestObject("Object Repository/FilterObjects/Page_Women - My Store/input_(7)_layered_id_attribute (1)")): Object: 'Object Repository/FilterObjects/Page_Women - My Store/input_(7)_layered_id_attribute (1)' is clicked on

2019-02-20 17:40:35 - [MESSAGE][PASSED] - Object: 'Object Repository/FilterObjects/Page_Women - My Store/input_(7)_layered_id_attribute (1)' is clicked on

2019-02-20 17:40:35 - [TEST_STEP][PASSED] - delay(5): Delayed 5 second(s)

2019-02-20 17:40:40 - [MESSAGE][PASSED] - Delayed 5 second(s)]]></system-out>
         <system-err><![CDATA[]]></system-err>
      </testcase>
      <testcase name="Test Cases/TC3_AddToCart - Copy" classname="Test Cases/TC3_AddToCart - Copy" status="ERROR">
         <error type="ERROR" message="Test Cases/TC3_AddToCart - Copy FAILED.
Reason:
org.codehaus.groovy.runtime.typehandling.GroovyCastException: Cannot cast object 'Please enter data' with class 'java.lang.String' to class 'int'
	at TC3_AddToCart - Copy.run(TC3_AddToCart - Copy:52)
	at com.kms.katalon.core.main.ScriptEngine.run(ScriptEngine.java:194)
	at com.kms.katalon.core.main.ScriptEngine.runScriptAsRawText(ScriptEngine.java:119)
	at com.kms.katalon.core.main.TestCaseExecutor.runScript(TestCaseExecutor.java:321)
	at com.kms.katalon.core.main.TestCaseExecutor.doExecute(TestCaseExecutor.java:312)
	at com.kms.katalon.core.main.TestCaseExecutor.processExecutionPhase(TestCaseExecutor.java:291)
	at com.kms.katalon.core.main.TestCaseExecutor.accessMainPhase(TestCaseExecutor.java:283)
	at com.kms.katalon.core.main.TestCaseExecutor.execute(TestCaseExecutor.java:222)
	at com.kms.katalon.core.main.TestSuiteExecutor.accessTestCaseMainPhase(TestSuiteExecutor.java:129)
	at com.kms.katalon.core.main.TestSuiteExecutor.accessTestSuiteMainPhase(TestSuiteExecutor.java:112)
	at com.kms.katalon.core.main.TestSuiteExecutor.execute(TestSuiteExecutor.java:81)
	at com.kms.katalon.core.main.TestCaseMain.startTestSuite(TestCaseMain.java:149)
	at com.kms.katalon.core.main.TestCaseMain$startTestSuite$0.call(Unknown Source)
	at TempTestSuite1550664605499.run(TempTestSuite1550664605499.groovy:36)
"/>
         <system-out><![CDATA[2019-02-20 17:40:42 - [TEST_CASE][ERROR] - Test Cases/TC3_AddToCart - Copy: Test Cases/TC3_AddToCart - Copy FAILED.
Reason:
org.codehaus.groovy.runtime.typehandling.GroovyCastException: Cannot cast object 'Please enter data' with class 'java.lang.String' to class 'int'
	at TC3_AddToCart - Copy.run(TC3_AddToCart - Copy:52)
	at com.kms.katalon.core.main.ScriptEngine.run(ScriptEngine.java:194)
	at com.kms.katalon.core.main.ScriptEngine.runScriptAsRawText(ScriptEngine.java:119)
	at com.kms.katalon.core.main.TestCaseExecutor.runScript(TestCaseExecutor.java:321)
	at com.kms.katalon.core.main.TestCaseExecutor.doExecute(TestCaseExecutor.java:312)
	at com.kms.katalon.core.main.TestCaseExecutor.processExecutionPhase(TestCaseExecutor.java:291)
	at com.kms.katalon.core.main.TestCaseExecutor.accessMainPhase(TestCaseExecutor.java:283)
	at com.kms.katalon.core.main.TestCaseExecutor.execute(TestCaseExecutor.java:222)
	at com.kms.katalon.core.main.TestSuiteExecutor.accessTestCaseMainPhase(TestSuiteExecutor.java:129)
	at com.kms.katalon.core.main.TestSuiteExecutor.accessTestSuiteMainPhase(TestSuiteExecutor.java:112)
	at com.kms.katalon.core.main.TestSuiteExecutor.execute(TestSuiteExecutor.java:81)
	at com.kms.katalon.core.main.TestCaseMain.startTestSuite(TestCaseMain.java:149)
	at com.kms.katalon.core.main.TestCaseMain$startTestSuite$0.call(Unknown Source)
	at TempTestSuite1550664605499.run(TempTestSuite1550664605499.groovy:36)


2019-02-20 17:40:43 - [TEST_STEP][PASSED] - driver = getWebDriver(): null

2019-02-20 17:40:43 - [TEST_STEP][PASSED] - baseUrl = "https://www.katalon.com/": null

2019-02-20 17:40:43 - [TEST_STEP][PASSED] - selenium = new com.thoughtworks.selenium.webdriven.WebDriverBackedSelenium(driver, baseUrl): null

2019-02-20 17:40:43 - [TEST_STEP][PASSED] - scrollToPosition(0, 800): Browser is scrolled to position x = 0, y = 800

2019-02-20 17:40:43 - [MESSAGE][PASSED] - Browser is scrolled to position x = 0, y = 800

2019-02-20 17:40:43 - [TEST_STEP][PASSED] - old_pos = 800: null

2019-02-20 17:40:43 - [TEST_STEP][PASSED] - j = 400: null

2019-02-20 17:40:43 - [TEST_STEP][PASSED] - i = 1: null

2019-02-20 17:40:43 - [TEST_STEP][PASSED] - p = getAlertText(executeJavaScript("var person = prompt("Please enter data", "2");", [])): Get alert text successfully: 'Please enter data'

2019-02-20 17:40:43 - [MESSAGE][PASSED] - Execute JavaScript 'var person = prompt("Please enter data", "2");' successfully

2019-02-20 17:40:43 - [MESSAGE][PASSED] - Get alert text successfully: 'Please enter data'

2019-02-20 17:40:43 - [TEST_STEP][ERROR] - p = p: p = p FAILED.
Reason:
org.codehaus.groovy.runtime.typehandling.GroovyCastException: Cannot cast object 'Please enter data' with class 'java.lang.String' to class 'int'
	at TC3_AddToCart - Copy.run(TC3_AddToCart - Copy:52)
	at com.kms.katalon.core.main.ScriptEngine.run(ScriptEngine.java:194)
	at com.kms.katalon.core.main.ScriptEngine.runScriptAsRawText(ScriptEngine.java:119)
	at com.kms.katalon.core.main.TestCaseExecutor.runScript(TestCaseExecutor.java:321)
	at com.kms.katalon.core.main.TestCaseExecutor.doExecute(TestCaseExecutor.java:312)
	at com.kms.katalon.core.main.TestCaseExecutor.processExecutionPhase(TestCaseExecutor.java:291)
	at com.kms.katalon.core.main.TestCaseExecutor.accessMainPhase(TestCaseExecutor.java:283)
	at com.kms.katalon.core.main.TestCaseExecutor.execute(TestCaseExecutor.java:222)
	at com.kms.katalon.core.main.TestSuiteExecutor.accessTestCaseMainPhase(TestSuiteExecutor.java:129)
	at com.kms.katalon.core.main.TestSuiteExecutor.accessTestSuiteMainPhase(TestSuiteExecutor.java:112)
	at com.kms.katalon.core.main.TestSuiteExecutor.execute(TestSuiteExecutor.java:81)
	at com.kms.katalon.core.main.TestCaseMain.startTestSuite(TestCaseMain.java:149)
	at com.kms.katalon.core.main.TestCaseMain$startTestSuite$0.call(Unknown Source)
	at TempTestSuite1550664605499.run(TempTestSuite1550664605499.groovy:36)


2019-02-20 17:40:43 - [MESSAGE][ERROR] - p = p FAILED.
Reason:
org.codehaus.groovy.runtime.typehandling.GroovyCastException: Cannot cast object 'Please enter data' with class 'java.lang.String' to class 'int'
	at TC3_AddToCart - Copy.run(TC3_AddToCart - Copy:52)
	at com.kms.katalon.core.main.ScriptEngine.run(ScriptEngine.java:194)
	at com.kms.katalon.core.main.ScriptEngine.runScriptAsRawText(ScriptEngine.java:119)
	at com.kms.katalon.core.main.TestCaseExecutor.runScript(TestCaseExecutor.java:321)
	at com.kms.katalon.core.main.TestCaseExecutor.doExecute(TestCaseExecutor.java:312)
	at com.kms.katalon.core.main.TestCaseExecutor.processExecutionPhase(TestCaseExecutor.java:291)
	at com.kms.katalon.core.main.TestCaseExecutor.accessMainPhase(TestCaseExecutor.java:283)
	at com.kms.katalon.core.main.TestCaseExecutor.execute(TestCaseExecutor.java:222)
	at com.kms.katalon.core.main.TestSuiteExecutor.accessTestCaseMainPhase(TestSuiteExecutor.java:129)
	at com.kms.katalon.core.main.TestSuiteExecutor.accessTestSuiteMainPhase(TestSuiteExecutor.java:112)
	at com.kms.katalon.core.main.TestSuiteExecutor.execute(TestSuiteExecutor.java:81)
	at com.kms.katalon.core.main.TestCaseMain.startTestSuite(TestCaseMain.java:149)
	at com.kms.katalon.core.main.TestCaseMain$startTestSuite$0.call(Unknown Source)
	at TempTestSuite1550664605499.run(TempTestSuite1550664605499.groovy:36)]]></system-out>
         <system-err><![CDATA[2019-02-20 17:40:42 - [TEST_CASE][ERROR] - Test Cases/TC3_AddToCart - Copy: Test Cases/TC3_AddToCart - Copy FAILED.
Reason:
org.codehaus.groovy.runtime.typehandling.GroovyCastException: Cannot cast object 'Please enter data' with class 'java.lang.String' to class 'int'
	at TC3_AddToCart - Copy.run(TC3_AddToCart - Copy:52)
	at com.kms.katalon.core.main.ScriptEngine.run(ScriptEngine.java:194)
	at com.kms.katalon.core.main.ScriptEngine.runScriptAsRawText(ScriptEngine.java:119)
	at com.kms.katalon.core.main.TestCaseExecutor.runScript(TestCaseExecutor.java:321)
	at com.kms.katalon.core.main.TestCaseExecutor.doExecute(TestCaseExecutor.java:312)
	at com.kms.katalon.core.main.TestCaseExecutor.processExecutionPhase(TestCaseExecutor.java:291)
	at com.kms.katalon.core.main.TestCaseExecutor.accessMainPhase(TestCaseExecutor.java:283)
	at com.kms.katalon.core.main.TestCaseExecutor.execute(TestCaseExecutor.java:222)
	at com.kms.katalon.core.main.TestSuiteExecutor.accessTestCaseMainPhase(TestSuiteExecutor.java:129)
	at com.kms.katalon.core.main.TestSuiteExecutor.accessTestSuiteMainPhase(TestSuiteExecutor.java:112)
	at com.kms.katalon.core.main.TestSuiteExecutor.execute(TestSuiteExecutor.java:81)
	at com.kms.katalon.core.main.TestCaseMain.startTestSuite(TestCaseMain.java:149)
	at com.kms.katalon.core.main.TestCaseMain$startTestSuite$0.call(Unknown Source)
	at TempTestSuite1550664605499.run(TempTestSuite1550664605499.groovy:36)]]></system-err>
      </testcase>
      <system-out><![CDATA[2019-02-20 17:40:08 - [TEST_SUITE][ERROR] - TC2: Test Cases/TC3_AddToCart - Copy FAILED.
Reason:
org.codehaus.groovy.runtime.typehandling.GroovyCastException: Cannot cast object 'Please enter data' with class 'java.lang.String' to class 'int'
	at TC3_AddToCart - Copy.run(TC3_AddToCart - Copy:52)
	at com.kms.katalon.core.main.ScriptEngine.run(ScriptEngine.java:194)
	at com.kms.katalon.core.main.ScriptEngine.runScriptAsRawText(ScriptEngine.java:119)
	at com.kms.katalon.core.main.TestCaseExecutor.runScript(TestCaseExecutor.java:321)
	at com.kms.katalon.core.main.TestCaseExecutor.doExecute(TestCaseExecutor.java:312)
	at com.kms.katalon.core.main.TestCaseExecutor.processExecutionPhase(TestCaseExecutor.java:291)
	at com.kms.katalon.core.main.TestCaseExecutor.accessMainPhase(TestCaseExecutor.java:283)
	at com.kms.katalon.core.main.TestCaseExecutor.execute(TestCaseExecutor.java:222)
	at com.kms.katalon.core.main.TestSuiteExecutor.accessTestCaseMainPhase(TestSuiteExecutor.java:129)
	at com.kms.katalon.core.main.TestSuiteExecutor.accessTestSuiteMainPhase(TestSuiteExecutor.java:112)
	at com.kms.katalon.core.main.TestSuiteExecutor.execute(TestSuiteExecutor.java:81)
	at com.kms.katalon.core.main.TestCaseMain.startTestSuite(TestCaseMain.java:149)
	at com.kms.katalon.core.main.TestCaseMain$startTestSuite$0.call(Unknown Source)
	at TempTestSuite1550664605499.run(TempTestSuite1550664605499.groovy:36)]]></system-out>
      <system-err><![CDATA[2019-02-20 17:40:08 - [TEST_SUITE][ERROR] - TC2: Test Cases/TC3_AddToCart - Copy FAILED.
Reason:
org.codehaus.groovy.runtime.typehandling.GroovyCastException: Cannot cast object 'Please enter data' with class 'java.lang.String' to class 'int'
	at TC3_AddToCart - Copy.run(TC3_AddToCart - Copy:52)
	at com.kms.katalon.core.main.ScriptEngine.run(ScriptEngine.java:194)
	at com.kms.katalon.core.main.ScriptEngine.runScriptAsRawText(ScriptEngine.java:119)
	at com.kms.katalon.core.main.TestCaseExecutor.runScript(TestCaseExecutor.java:321)
	at com.kms.katalon.core.main.TestCaseExecutor.doExecute(TestCaseExecutor.java:312)
	at com.kms.katalon.core.main.TestCaseExecutor.processExecutionPhase(TestCaseExecutor.java:291)
	at com.kms.katalon.core.main.TestCaseExecutor.accessMainPhase(TestCaseExecutor.java:283)
	at com.kms.katalon.core.main.TestCaseExecutor.execute(TestCaseExecutor.java:222)
	at com.kms.katalon.core.main.TestSuiteExecutor.accessTestCaseMainPhase(TestSuiteExecutor.java:129)
	at com.kms.katalon.core.main.TestSuiteExecutor.accessTestSuiteMainPhase(TestSuiteExecutor.java:112)
	at com.kms.katalon.core.main.TestSuiteExecutor.execute(TestSuiteExecutor.java:81)
	at com.kms.katalon.core.main.TestCaseMain.startTestSuite(TestCaseMain.java:149)
	at com.kms.katalon.core.main.TestCaseMain$startTestSuite$0.call(Unknown Source)
	at TempTestSuite1550664605499.run(TempTestSuite1550664605499.groovy:36)]]></system-err>
   </testsuite>
</testsuites>
